2026-03-20 11:32:52,326 [INFO] generate_tags - 开始处理城市：tokyo（force=False）
2026-03-20 11:32:52,367 INFO sqlalchemy.engine.Engine select pg_catalog.version()
2026-03-20 11:32:52,367 [INFO] sqlalchemy.engine.Engine - select pg_catalog.version()
2026-03-20 11:32:52,367 INFO sqlalchemy.engine.Engine [raw sql] ()
2026-03-20 11:32:52,367 [INFO] sqlalchemy.engine.Engine - [raw sql] ()
2026-03-20 11:32:52,371 INFO sqlalchemy.engine.Engine select current_schema()
2026-03-20 11:32:52,371 [INFO] sqlalchemy.engine.Engine - select current_schema()
2026-03-20 11:32:52,371 INFO sqlalchemy.engine.Engine [raw sql] ()
2026-03-20 11:32:52,371 [INFO] sqlalchemy.engine.Engine - [raw sql] ()
2026-03-20 11:32:52,374 INFO sqlalchemy.engine.Engine show standard_conforming_strings
2026-03-20 11:32:52,374 [INFO] sqlalchemy.engine.Engine - show standard_conforming_strings
2026-03-20 11:32:52,374 INFO sqlalchemy.engine.Engine [raw sql] ()
2026-03-20 11:32:52,374 [INFO] sqlalchemy.engine.Engine - [raw sql] ()
2026-03-20 11:32:52,376 INFO sqlalchemy.engine.Engine BEGIN (implicit)
2026-03-20 11:32:52,376 [INFO] sqlalchemy.engine.Engine - BEGIN (implicit)
2026-03-20 11:32:52,405 INFO sqlalchemy.engine.Engine SELECT entity_base.entity_id, entity_base.entity_type, entity_base.name_zh, entity_base.name_ja, entity_base.name_en, entity_base.city_code, entity_base.prefecture, entity_base.area_name, entity_base.address_ja, entity_base.address_en, entity_base.lat, entity_base.lng, entity_base.embedding, entity_base.data_tier, entity_base.is_active, entity_base.google_place_id, entity_base.tabelog_id, entity_base.created_at, entity_base.updated_at 
FROM entity_base 
WHERE entity_base.city_code = $1::VARCHAR AND entity_base.is_active = true AND (entity_base.entity_id NOT IN (SELECT entity_tags.entity_id 
FROM entity_tags 
WHERE entity_tags.tag_namespace = $2::VARCHAR GROUP BY entity_tags.entity_id 
HAVING count(entity_tags.id) >= $3::INTEGER))
2026-03-20 11:32:52,405 [INFO] sqlalchemy.engine.Engine - SELECT entity_base.entity_id, entity_base.entity_type, entity_base.name_zh, entity_base.name_ja, entity_base.name_en, entity_base.city_code, entity_base.prefecture, entity_base.area_name, entity_base.address_ja, entity_base.address_en, entity_base.lat, entity_base.lng, entity_base.embedding, entity_base.data_tier, entity_base.is_active, entity_base.google_place_id, entity_base.tabelog_id, entity_base.created_at, entity_base.updated_at 
FROM entity_base 
WHERE entity_base.city_code = $1::VARCHAR AND entity_base.is_active = true AND (entity_base.entity_id NOT IN (SELECT entity_tags.entity_id 
FROM entity_tags 
WHERE entity_tags.tag_namespace = $2::VARCHAR GROUP BY entity_tags.entity_id 
HAVING count(entity_tags.id) >= $3::INTEGER))
2026-03-20 11:32:52,405 INFO sqlalchemy.engine.Engine [generated in 0.00014s] ('tokyo', 'affinity', 9)
2026-03-20 11:32:52,405 [INFO] sqlalchemy.engine.Engine - [generated in 0.00014s] ('tokyo', 'affinity', 9)
2026-03-20 11:32:52,439 [INFO] app.domains.catalog.tagger - [tokyo] 待打标实体 745 条，分批处理...
